Library/Bee/Android/Prj/Mono2x/Gradle/launcher/build/intermediates/manifest_merge_blame_file/release/manifest-merger-blame-release-report.txt
1<?xml version="1.0" encoding="utf-8"?>
2<manifest xmlns:android="http://schemas.android.com/apk/res/android"
3    package="com.DefaultCompany.SignalsVR"
4    android:installLocation="preferExternal"
5    android:versionCode="1"
6    android:versionName="0.1" >
7
8    <uses-sdk
9        android:minSdkVersion="22"
9-->src\main\AndroidManifest.xml
10        android:targetSdkVersion="32" />
10-->src\main\AndroidManifest.xml
11
12    <supports-screens
12-->src\main\AndroidManifest.xml:4:3-163
13        android:anyDensity="true"
13-->src\main\AndroidManifest.xml:4:135-160
14        android:largeScreens="true"
14-->src\main\AndroidManifest.xml:4:78-105
15        android:normalScreens="true"
15-->src\main\AndroidManifest.xml:4:49-77
16        android:smallScreens="true"
16-->src\main\AndroidManifest.xml:4:21-48
17        android:xlargeScreens="true" />
17-->src\main\AndroidManifest.xml:4:106-134
18
19    <uses-permission android:name="android.permission.INTERNET" />
19-->[:unityLibrary] AndroidManifest.xml:10:5-67
19-->[:unityLibrary] AndroidManifest.xml:10:22-64
20    <uses-permission android:name="android.permission.CAMERA" />
20-->[:unityLibrary] AndroidManifest.xml:11:5-65
20-->[:unityLibrary] AndroidManifest.xml:11:22-62
21
22    <uses-feature android:glEsVersion="0x00030000" />
22-->[:unityLibrary] AndroidManifest.xml:13:5-54
22-->[:unityLibrary] AndroidManifest.xml:13:19-51
23    <uses-feature
23-->[:unityLibrary] AndroidManifest.xml:14:5-16:36
24        android:name="android.hardware.vulkan.version"
24-->[:unityLibrary] AndroidManifest.xml:15:9-55
25        android:required="false" />
25-->[:unityLibrary] AndroidManifest.xml:16:9-33
26    <uses-feature
26-->[:unityLibrary] AndroidManifest.xml:17:5-19:36
27        android:name="android.hardware.camera"
27-->[:unityLibrary] AndroidManifest.xml:18:9-47
28        android:required="false" />
28-->[:unityLibrary] AndroidManifest.xml:19:9-33
29    <uses-feature
29-->[:unityLibrary] AndroidManifest.xml:20:5-22:36
30        android:name="android.hardware.camera.autofocus"
30-->[:unityLibrary] AndroidManifest.xml:21:9-57
31        android:required="false" />
31-->[:unityLibrary] AndroidManifest.xml:22:9-33
32    <uses-feature
32-->[:unityLibrary] AndroidManifest.xml:23:5-25:36
33        android:name="android.hardware.camera.front"
33-->[:unityLibrary] AndroidManifest.xml:24:9-53
34        android:required="false" />
34-->[:unityLibrary] AndroidManifest.xml:25:9-33
35    <uses-feature
35-->[:unityLibrary] AndroidManifest.xml:26:5-28:36
36        android:name="android.hardware.touchscreen"
36-->[:unityLibrary] AndroidManifest.xml:27:9-52
37        android:required="false" />
37-->[:unityLibrary] AndroidManifest.xml:28:9-33
38    <uses-feature
38-->[:unityLibrary] AndroidManifest.xml:29:5-31:36
39        android:name="android.hardware.touchscreen.multitouch"
39-->[:unityLibrary] AndroidManifest.xml:30:9-63
40        android:required="false" />
40-->[:unityLibrary] AndroidManifest.xml:31:9-33
41    <uses-feature
41-->[:unityLibrary] AndroidManifest.xml:32:5-34:36
42        android:name="android.hardware.touchscreen.multitouch.distinct"
42-->[:unityLibrary] AndroidManifest.xml:33:9-72
43        android:required="false" />
43-->[:unityLibrary] AndroidManifest.xml:34:9-33
44
45    <application
45-->src\main\AndroidManifest.xml:3:3-83
46        android:extractNativeLibs="true"
46-->[:unityLibrary] AndroidManifest.xml:36:18-50
47        android:icon="@mipmap/app_icon"
47-->src\main\AndroidManifest.xml:3:49-80
48        android:label="@string/app_name" >
48-->src\main\AndroidManifest.xml:3:16-48
49        <meta-data
49-->[:unityLibrary] AndroidManifest.xml:37:9-39:33
50            android:name="unity.splash-mode"
50-->[:unityLibrary] AndroidManifest.xml:38:13-45
51            android:value="0" />
51-->[:unityLibrary] AndroidManifest.xml:39:13-30
52        <meta-data
52-->[:unityLibrary] AndroidManifest.xml:40:9-42:36
53            android:name="unity.splash-enable"
53-->[:unityLibrary] AndroidManifest.xml:41:13-47
54            android:value="True" />
54-->[:unityLibrary] AndroidManifest.xml:42:13-33
55        <meta-data
55-->[:unityLibrary] AndroidManifest.xml:43:9-45:36
56            android:name="unity.launch-fullscreen"
56-->[:unityLibrary] AndroidManifest.xml:44:13-51
57            android:value="True" />
57-->[:unityLibrary] AndroidManifest.xml:45:13-33
58        <meta-data
58-->[:unityLibrary] AndroidManifest.xml:46:9-48:37
59            android:name="unity.allow-resizable-window"
59-->[:unityLibrary] AndroidManifest.xml:47:13-56
60            android:value="False" />
60-->[:unityLibrary] AndroidManifest.xml:48:13-34
61        <meta-data
61-->[:unityLibrary] AndroidManifest.xml:49:9-51:50
62            android:name="notch.config"
62-->[:unityLibrary] AndroidManifest.xml:50:13-40
63            android:value="portrait|landscape" />
63-->[:unityLibrary] AndroidManifest.xml:51:13-47
64        <meta-data
64-->[:unityLibrary] AndroidManifest.xml:52:9-54:36
65            android:name="unity.auto-report-fully-drawn"
65-->[:unityLibrary] AndroidManifest.xml:53:13-57
66            android:value="true" />
66-->[:unityLibrary] AndroidManifest.xml:54:13-33
67
68        <activity
68-->[:unityLibrary] AndroidManifest.xml:56:9-77:20
69            android:name="com.unity3d.player.UnityPlayerActivity"
69-->[:unityLibrary] AndroidManifest.xml:57:13-66
70            android:configChanges="mcc|mnc|locale|touchscreen|keyboard|keyboardHidden|navigation|orientation|screenLayout|uiMode|screenSize|smallestScreenSize|fontScale|layoutDirection|density"
70-->[:unityLibrary] AndroidManifest.xml:58:13-194
71            android:exported="true"
71-->[:unityLibrary] AndroidManifest.xml:59:13-36
72            android:hardwareAccelerated="false"
72-->[:unityLibrary] AndroidManifest.xml:60:13-48
73            android:launchMode="singleTask"
73-->[:unityLibrary] AndroidManifest.xml:61:13-44
74            android:resizeableActivity="false"
74-->[:unityLibrary] AndroidManifest.xml:62:13-47
75            android:screenOrientation="fullUser"
75-->[:unityLibrary] AndroidManifest.xml:63:13-49
76            android:theme="@style/UnityThemeSelector" >
76-->[:unityLibrary] AndroidManifest.xml:64:13-54
77            <intent-filter>
77-->[:unityLibrary] AndroidManifest.xml:65:13-69:29
78                <category android:name="android.intent.category.LAUNCHER" />
78-->[:unityLibrary] AndroidManifest.xml:66:17-77
78-->[:unityLibrary] AndroidManifest.xml:66:27-74
79
80                <action android:name="android.intent.action.MAIN" />
80-->[:unityLibrary] AndroidManifest.xml:68:17-69
80-->[:unityLibrary] AndroidManifest.xml:68:25-66
81            </intent-filter>
82
83            <meta-data
83-->[:unityLibrary] AndroidManifest.xml:71:13-73:40
84                android:name="unityplayer.UnityActivity"
84-->[:unityLibrary] AndroidManifest.xml:72:17-57
85                android:value="true" />
85-->[:unityLibrary] AndroidManifest.xml:73:17-37
86            <meta-data
86-->[:unityLibrary] AndroidManifest.xml:74:13-76:40
87                android:name="notch_support"
87-->[:unityLibrary] AndroidManifest.xml:75:17-45
88                android:value="true" />
88-->[:unityLibrary] AndroidManifest.xml:76:17-37
89        </activity>
90    </application>
91
92</manifest>